00:42:32,195 |-INFO in ch.qos.logback.classic.LoggerContext[saturn.console] - Could NOT find resource [logback.groovy]
00:42:32,195 |-INFO in ch.qos.logback.classic.LoggerContext[saturn.console] - Could NOT find resource [logback-test.xml]
00:42:32,196 |-INFO in ch.qos.logback.classic.LoggerContext[saturn.console] - Found resource [logback.xml] at [jar:file:/usr/local/saturn/saturn-console-2.1.6-exec.jar!/BOOT-INF/classes!/logback.xml]
00:42:32,528 |-INFO in ch.qos.logback.core.joran.spi.ConfigurationWatchList@17a7cec2 - URL [jar:file:/usr/local/saturn/saturn-console-2.1.6-exec.jar!/BOOT-INF/classes!/logback.xml] is not of type file
00:42:33,161 |-INFO in ch.qos.logback.classic.joran.action.ConfigurationAction - debug attribute not set
00:42:34,339 |-INFO in ch.qos.logback.classic.joran.action.ContextNameAction - Setting logger context name as [saturn.console]
00:42:34,339 |-INFO in ch.qos.logback.core.joran.action.AppenderAction - About to instantiate appender of type [ch.qos.logback.core.ConsoleAppender]
00:42:34,344 |-INFO in ch.qos.logback.core.joran.action.AppenderAction - Naming appender as [STDOUT]
00:42:34,354 |-INFO in ch.qos.logback.core.joran.action.NestedComplexPropertyIA - Assuming default type [ch.qos.logback.classic.encoder.PatternLayoutEncoder] for [encoder] property
00:42:34,589 |-INFO in ch.qos.logback.core.joran.action.AppenderAction - About to instantiate appender of type [ch.qos.logback.core.rolling.RollingFileAppender]
00:42:34,604 |-INFO in ch.qos.logback.core.joran.action.AppenderAction - Naming appender as [NORMALLOG-APPENDER]
00:42:34,627 |-INFO in ch.qos.logback.core.rolling.FixedWindowRollingPolicy@65b3120a - No compression will be used
00:42:34,637 |-INFO in ch.qos.logback.core.joran.action.NestedComplexPropertyIA - Assuming default type [ch.qos.logback.classic.encoder.PatternLayoutEncoder] for [encoder] property
00:42:34,639 |-INFO in ch.qos.logback.core.rolling.RollingFileAppender[NORMALLOG-APPENDER] - Active log file name: /apps/logs/saturn_console/saturn.console.log
00:42:34,639 |-INFO in ch.qos.logback.core.rolling.RollingFileAppender[NORMALLOG-APPENDER] - File property is set to [/apps/logs/saturn_console/saturn.console.log]
00:42:34,684 |-ERROR in ch.qos.logback.core.rolling.RollingFileAppender[NORMALLOG-APPENDER] - Failed to create parent directories for [/apps/logs/saturn_console/saturn.console.log]
00:42:34,684 |-ERROR in ch.qos.logback.core.rolling.RollingFileAppender[NORMALLOG-APPENDER] - openFile(/apps/logs/saturn_console/saturn.console.log,true) call failed. java.io.FileNotFoundException: /apps/logs/saturn_console/saturn.console.log (No such file or directory)
	at java.io.FileNotFoundException: /apps/logs/saturn_console/saturn.console.log (No such file or directory)
	at 	at java.io.FileOutputStream.open0(Native Method)
	at 	at java.io.FileOutputStream.open(FileOutputStream.java:270)
	at 	at java.io.FileOutputStream.<init>(FileOutputStream.java:213)
	at 	at ch.qos.logback.core.recovery.ResilientFileOutputStream.<init>(ResilientFileOutputStream.java:26)
	at 	at ch.qos.logback.core.FileAppender.openFile(FileAppender.java:186)
	at 	at ch.qos.logback.core.FileAppender.start(FileAppender.java:121)
	at 	at ch.qos.logback.core.rolling.RollingFileAppender.start(RollingFileAppender.java:99)
	at 	at ch.qos.logback.core.joran.action.AppenderAction.end(AppenderAction.java:90)
	at 	at ch.qos.logback.core.joran.spi.Interpreter.callEndAction(Interpreter.java:309)
	at 	at ch.qos.logback.core.joran.spi.Interpreter.endElement(Interpreter.java:193)
	at 	at ch.qos.logback.core.joran.spi.Interpreter.endElement(Interpreter.java:179)
	at 	at ch.qos.logback.core.joran.spi.EventPlayer.play(EventPlayer.java:62)
	at 	at ch.qos.logback.core.joran.GenericConfigurator.doConfigure(GenericConfigurator.java:155)
	at 	at ch.qos.logback.core.joran.GenericConfigurator.doConfigure(GenericConfigurator.java:142)
	at 	at ch.qos.logback.core.joran.GenericConfigurator.doConfigure(GenericConfigurator.java:103)
	at 	at ch.qos.logback.core.joran.GenericConfigurator.doConfigure(GenericConfigurator.java:53)
	at 	at ch.qos.logback.classic.util.ContextInitializer.configureByResource(ContextInitializer.java:75)
	at 	at ch.qos.logback.classic.util.ContextInitializer.autoConfig(ContextInitializer.java:150)
	at 	at org.slf4j.impl.StaticLoggerBinder.init(StaticLoggerBinder.java:84)
	at 	at org.slf4j.impl.StaticLoggerBinder.<clinit>(StaticLoggerBinder.java:55)
	at 	at org.slf4j.LoggerFactory.bind(LoggerFactory.java:129)
	at 	at org.slf4j.LoggerFactory.performInitialization(LoggerFactory.java:108)
	at 	at org.slf4j.LoggerFactory.getILoggerFactory(LoggerFactory.java:302)
	at 	at org.slf4j.LoggerFactory.getLogger(LoggerFactory.java:276)
	at 	at org.apache.commons.logging.impl.SLF4JLogFactory.getInstance(SLF4JLogFactory.java:156)
	at 	at org.apache.commons.logging.impl.SLF4JLogFactory.getInstance(SLF4JLogFactory.java:132)
	at 	at org.apache.commons.logging.LogFactory.getLog(LogFactory.java:645)
	at 	at org.springframework.boot.SpringApplication.<clinit>(SpringApplication.java:189)
	at 	at com.vip.saturn.job.console.springboot.SaturnConsoleApp.main(SaturnConsoleApp.java:49)
	at 	at sun.reflect.NativeMethodAccessorImpl.invoke0(Native Method)
	at 	at sun.reflect.NativeMethodAccessorImpl.invoke(NativeMethodAccessorImpl.java:62)
	at 	at sun.reflect.DelegatingMethodAccessorImpl.invoke(DelegatingMethodAccessorImpl.java:43)
	at 	at java.lang.reflect.Method.invoke(Method.java:498)
	at 	at org.springframework.boot.loader.MainMethodRunner.run(MainMethodRunner.java:48)
	at 	at org.springframework.boot.loader.Launcher.launch(Launcher.java:87)
	at 	at org.springframework.boot.loader.Launcher.launch(Launcher.java:50)
	at 	at org.springframework.boot.loader.JarLauncher.main(JarLauncher.java:58)
00:42:34,684 |-INFO in ch.qos.logback.core.joran.action.AppenderAction - About to instantiate appender of type [ch.qos.logback.core.rolling.RollingFileAppender]
00:42:34,686 |-INFO in ch.qos.logback.core.joran.action.AppenderAction - Naming appender as [ERROR]
00:42:34,687 |-INFO in ch.qos.logback.core.rolling.FixedWindowRollingPolicy@6f539caf - No compression will be used
00:42:34,687 |-INFO in ch.qos.logback.core.joran.action.NestedComplexPropertyIA - Assuming default type [ch.qos.logback.classic.encoder.PatternLayoutEncoder] for [encoder] property
00:42:34,705 |-INFO in ch.qos.logback.core.rolling.RollingFileAppender[ERROR] - Active log file name: /apps/logs/saturn_console/saturn.console-error.log
00:42:34,705 |-INFO in ch.qos.logback.core.rolling.RollingFileAppender[ERROR] - File property is set to [/apps/logs/saturn_console/saturn.console-error.log]
00:42:34,705 |-ERROR in ch.qos.logback.core.rolling.RollingFileAppender[ERROR] - Failed to create parent directories for [/apps/logs/saturn_console/saturn.console-error.log]
00:42:34,705 |-ERROR in ch.qos.logback.core.rolling.RollingFileAppender[ERROR] - openFile(/apps/logs/saturn_console/saturn.console-error.log,true) call failed. java.io.FileNotFoundException: /apps/logs/saturn_console/saturn.console-error.log (No such file or directory)
	at java.io.FileNotFoundException: /apps/logs/saturn_console/saturn.console-error.log (No such file or directory)
	at 	at java.io.FileOutputStream.open0(Native Method)
	at 	at java.io.FileOutputStream.open(FileOutputStream.java:270)
	at 	at java.io.FileOutputStream.<init>(FileOutputStream.java:213)
	at 	at ch.qos.logback.core.recovery.ResilientFileOutputStream.<init>(ResilientFileOutputStream.java:26)
	at 	at ch.qos.logback.core.FileAppender.openFile(FileAppender.java:186)
	at 	at ch.qos.logback.core.FileAppender.start(FileAppender.java:121)
	at 	at ch.qos.logback.core.rolling.RollingFileAppender.start(RollingFileAppender.java:99)
	at 	at ch.qos.logback.core.joran.action.AppenderAction.end(AppenderAction.java:90)
	at 	at ch.qos.logback.core.joran.spi.Interpreter.callEndAction(Interpreter.java:309)
	at 	at ch.qos.logback.core.joran.spi.Interpreter.endElement(Interpreter.java:193)
	at 	at ch.qos.logback.core.joran.spi.Interpreter.endElement(Interpreter.java:179)
	at 	at ch.qos.logback.core.joran.spi.EventPlayer.play(EventPlayer.java:62)
	at 	at ch.qos.logback.core.joran.GenericConfigurator.doConfigure(GenericConfigurator.java:155)
	at 	at ch.qos.logback.core.joran.GenericConfigurator.doConfigure(GenericConfigurator.java:142)
	at 	at ch.qos.logback.core.joran.GenericConfigurator.doConfigure(GenericConfigurator.java:103)
	at 	at ch.qos.logback.core.joran.GenericConfigurator.doConfigure(GenericConfigurator.java:53)
	at 	at ch.qos.logback.classic.util.ContextInitializer.configureByResource(ContextInitializer.java:75)
	at 	at ch.qos.logback.classic.util.ContextInitializer.autoConfig(ContextInitializer.java:150)
	at 	at org.slf4j.impl.StaticLoggerBinder.init(StaticLoggerBinder.java:84)
	at 	at org.slf4j.impl.StaticLoggerBinder.<clinit>(StaticLoggerBinder.java:55)
	at 	at org.slf4j.LoggerFactory.bind(LoggerFactory.java:129)
	at 	at org.slf4j.LoggerFactory.performInitialization(LoggerFactory.java:108)
	at 	at org.slf4j.LoggerFactory.getILoggerFactory(LoggerFactory.java:302)
	at 	at org.slf4j.LoggerFactory.getLogger(LoggerFactory.java:276)
	at 	at org.apache.commons.logging.impl.SLF4JLogFactory.getInstance(SLF4JLogFactory.java:156)
	at 	at org.apache.commons.logging.impl.SLF4JLogFactory.getInstance(SLF4JLogFactory.java:132)
	at 	at org.apache.commons.logging.LogFactory.getLog(LogFactory.java:645)
	at 	at org.springframework.boot.SpringApplication.<clinit>(SpringApplication.java:189)
	at 	at com.vip.saturn.job.console.springboot.SaturnConsoleApp.main(SaturnConsoleApp.java:49)
	at 	at sun.reflect.NativeMethodAccessorImpl.invoke0(Native Method)
	at 	at sun.reflect.NativeMethodAccessorImpl.invoke(NativeMethodAccessorImpl.java:62)
	at 	at sun.reflect.DelegatingMethodAccessorImpl.invoke(DelegatingMethodAccessorImpl.java:43)
	at 	at java.lang.reflect.Method.invoke(Method.java:498)
	at 	at org.springframework.boot.loader.MainMethodRunner.run(MainMethodRunner.java:48)
	at 	at org.springframework.boot.loader.Launcher.launch(Launcher.java:87)
	at 	at org.springframework.boot.loader.Launcher.launch(Launcher.java:50)
	at 	at org.springframework.boot.loader.JarLauncher.main(JarLauncher.java:58)
00:42:34,706 |-INFO in ch.qos.logback.classic.joran.action.RootLoggerAction - Setting level of ROOT logger to INFO
00:42:34,735 |-INFO in ch.qos.logback.core.joran.action.AppenderRefAction - Attaching appender named [NORMALLOG-APPENDER] to Logger[ROOT]
00:42:34,736 |-INFO in ch.qos.logback.core.joran.action.AppenderRefAction - Attaching appender named [ERROR] to Logger[ROOT]
00:42:34,737 |-INFO in ch.qos.logback.classic.joran.action.ConfigurationAction - End of configuration.
00:42:34,739 |-INFO in ch.qos.logback.classic.joran.JoranConfigurator@79fc0f2f - Registering current configuration as safe fallback point

00:42:33,140 |-INFO in ch.qos.logback.classic.LoggerContext[saturn.console] - Could NOT find resource [logback.groovy]
00:42:33,143 |-INFO in ch.qos.logback.classic.LoggerContext[saturn.console] - Could NOT find resource [logback-test.xml]
00:42:33,143 |-INFO in ch.qos.logback.classic.LoggerContext[saturn.console] - Found resource [logback.xml] at [jar:file:/usr/local/saturn/saturn-console-2.1.6-exec.jar!/BOOT-INF/classes!/logback.xml]
00:42:33,432 |-INFO in ch.qos.logback.core.joran.spi.ConfigurationWatchList@17a7cec2 - URL [jar:file:/usr/local/saturn/saturn-console-2.1.6-exec.jar!/BOOT-INF/classes!/logback.xml] is not of type file
00:42:34,119 |-INFO in ch.qos.logback.classic.joran.action.ConfigurationAction - debug attribute not set
00:42:35,109 |-INFO in ch.qos.logback.classic.joran.action.ContextNameAction - Setting logger context name as [saturn.console]
00:42:35,109 |-INFO in ch.qos.logback.core.joran.action.AppenderAction - About to instantiate appender of type [ch.qos.logback.core.ConsoleAppender]
00:42:35,130 |-INFO in ch.qos.logback.core.joran.action.AppenderAction - Naming appender as [STDOUT]
00:42:35,372 |-INFO in ch.qos.logback.core.joran.action.NestedComplexPropertyIA - Assuming default type [ch.qos.logback.classic.encoder.PatternLayoutEncoder] for [encoder] property
00:42:35,642 |-INFO in ch.qos.logback.core.joran.action.AppenderAction - About to instantiate appender of type [ch.qos.logback.core.rolling.RollingFileAppender]
00:42:35,730 |-INFO in ch.qos.logback.core.joran.action.AppenderAction - Naming appender as [NORMALLOG-APPENDER]
00:42:35,798 |-INFO in ch.qos.logback.core.rolling.FixedWindowRollingPolicy@65b3120a - No compression will be used
00:42:35,811 |-INFO in ch.qos.logback.core.joran.action.NestedComplexPropertyIA - Assuming default type [ch.qos.logback.classic.encoder.PatternLayoutEncoder] for [encoder] property
00:42:35,812 |-INFO in ch.qos.logback.core.rolling.RollingFileAppender[NORMALLOG-APPENDER] - Active log file name: /apps/logs/saturn_console/saturn.console.log
00:42:35,812 |-INFO in ch.qos.logback.core.rolling.RollingFileAppender[NORMALLOG-APPENDER] - File property is set to [/apps/logs/saturn_console/saturn.console.log]
00:42:35,814 |-ERROR in ch.qos.logback.core.rolling.RollingFileAppender[NORMALLOG-APPENDER] - Failed to create parent directories for [/apps/logs/saturn_console/saturn.console.log]
00:42:35,814 |-ERROR in ch.qos.logback.core.rolling.RollingFileAppender[NORMALLOG-APPENDER] - openFile(/apps/logs/saturn_console/saturn.console.log,true) call failed. java.io.FileNotFoundException: /apps/logs/saturn_console/saturn.console.log (No such file or directory)
	at java.io.FileNotFoundException: /apps/logs/saturn_console/saturn.console.log (No such file or directory)
	at 	at java.io.FileOutputStream.open0(Native Method)
	at 	at java.io.FileOutputStream.open(FileOutputStream.java:270)
	at 	at java.io.FileOutputStream.<init>(FileOutputStream.java:213)
	at 	at ch.qos.logback.core.recovery.ResilientFileOutputStream.<init>(ResilientFileOutputStream.java:26)
	at 	at ch.qos.logback.core.FileAppender.openFile(FileAppender.java:186)
	at 	at ch.qos.logback.core.FileAppender.start(FileAppender.java:121)
	at 	at ch.qos.logback.core.rolling.RollingFileAppender.start(RollingFileAppender.java:99)
	at 	at ch.qos.logback.core.joran.action.AppenderAction.end(AppenderAction.java:90)
	at 	at ch.qos.logback.core.joran.spi.Interpreter.callEndAction(Interpreter.java:309)
	at 	at ch.qos.logback.core.joran.spi.Interpreter.endElement(Interpreter.java:193)
	at 	at ch.qos.logback.core.joran.spi.Interpreter.endElement(Interpreter.java:179)
	at 	at ch.qos.logback.core.joran.spi.EventPlayer.play(EventPlayer.java:62)
	at 	at ch.qos.logback.core.joran.GenericConfigurator.doConfigure(GenericConfigurator.java:155)
	at 	at ch.qos.logback.core.joran.GenericConfigurator.doConfigure(GenericConfigurator.java:142)
	at 	at ch.qos.logback.core.joran.GenericConfigurator.doConfigure(GenericConfigurator.java:103)
	at 	at ch.qos.logback.core.joran.GenericConfigurator.doConfigure(GenericConfigurator.java:53)
	at 	at ch.qos.logback.classic.util.ContextInitializer.configureByResource(ContextInitializer.java:75)
	at 	at ch.qos.logback.classic.util.ContextInitializer.autoConfig(ContextInitializer.java:150)
	at 	at org.slf4j.impl.StaticLoggerBinder.init(StaticLoggerBinder.java:84)
	at 	at org.slf4j.impl.StaticLoggerBinder.<clinit>(StaticLoggerBinder.java:55)
	at 	at org.slf4j.LoggerFactory.bind(LoggerFactory.java:129)
	at 	at org.slf4j.LoggerFactory.performInitialization(LoggerFactory.java:108)
	at 	at org.slf4j.LoggerFactory.getILoggerFactory(LoggerFactory.java:302)
	at 	at org.slf4j.LoggerFactory.getLogger(LoggerFactory.java:276)
	at 	at org.apache.commons.logging.impl.SLF4JLogFactory.getInstance(SLF4JLogFactory.java:156)
	at 	at org.apache.commons.logging.impl.SLF4JLogFactory.getInstance(SLF4JLogFactory.java:132)
	at 	at org.apache.commons.logging.LogFactory.getLog(LogFactory.java:645)
	at 	at org.springframework.boot.SpringApplication.<clinit>(SpringApplication.java:189)
	at 	at com.vip.saturn.job.console.springboot.SaturnConsoleApp.main(SaturnConsoleApp.java:49)
	at 	at sun.reflect.NativeMethodAccessorImpl.invoke0(Native Method)
	at 	at sun.reflect.NativeMethodAccessorImpl.invoke(NativeMethodAccessorImpl.java:62)
	at 	at sun.reflect.DelegatingMethodAccessorImpl.invoke(DelegatingMethodAccessorImpl.java:43)
	at 	at java.lang.reflect.Method.invoke(Method.java:498)
	at 	at org.springframework.boot.loader.MainMethodRunner.run(MainMethodRunner.java:48)
	at 	at org.springframework.boot.loader.Launcher.launch(Launcher.java:87)
	at 	at org.springframework.boot.loader.Launcher.launch(Launcher.java:50)
	at 	at org.springframework.boot.loader.JarLauncher.main(JarLauncher.java:58)
00:42:35,814 |-INFO in ch.qos.logback.core.joran.action.AppenderAction - About to instantiate appender of type [ch.qos.logback.core.rolling.RollingFileAppender]
00:42:35,814 |-INFO in ch.qos.logback.core.joran.action.AppenderAction - Naming appender as [ERROR]
00:42:35,815 |-INFO in ch.qos.logback.core.rolling.FixedWindowRollingPolicy@6f539caf - No compression will be used
00:42:35,815 |-INFO in ch.qos.logback.core.joran.action.NestedComplexPropertyIA - Assuming default type [ch.qos.logback.classic.encoder.PatternLayoutEncoder] for [encoder] property
00:42:35,821 |-INFO in ch.qos.logback.core.rolling.RollingFileAppender[ERROR] - Active log file name: /apps/logs/saturn_console/saturn.console-error.log
00:42:35,821 |-INFO in ch.qos.logback.core.rolling.RollingFileAppender[ERROR] - File property is set to [/apps/logs/saturn_console/saturn.console-error.log]
00:42:35,821 |-ERROR in ch.qos.logback.core.rolling.RollingFileAppender[ERROR] - Failed to create parent directories for [/apps/logs/saturn_console/saturn.console-error.log]
00:42:35,821 |-ERROR in ch.qos.logback.core.rolling.RollingFileAppender[ERROR] - openFile(/apps/logs/saturn_console/saturn.console-error.log,true) call failed. java.io.FileNotFoundException: /apps/logs/saturn_console/saturn.console-error.log (No such file or directory)
	at java.io.FileNotFoundException: /apps/logs/saturn_console/saturn.console-error.log (No such file or directory)
	at 	at java.io.FileOutputStream.open0(Native Method)
	at 	at java.io.FileOutputStream.open(FileOutputStream.java:270)
	at 	at java.io.FileOutputStream.<init>(FileOutputStream.java:213)
	at 	at ch.qos.logback.core.recovery.ResilientFileOutputStream.<init>(ResilientFileOutputStream.java:26)
	at 	at ch.qos.logback.core.FileAppender.openFile(FileAppender.java:186)
	at 	at ch.qos.logback.core.FileAppender.start(FileAppender.java:121)
	at 	at ch.qos.logback.core.rolling.RollingFileAppender.start(RollingFileAppender.java:99)
	at 	at ch.qos.logback.core.joran.action.AppenderAction.end(AppenderAction.java:90)
	at 	at ch.qos.logback.core.joran.spi.Interpreter.callEndAction(Interpreter.java:309)
	at 	at ch.qos.logback.core.joran.spi.Interpreter.endElement(Interpreter.java:193)
	at 	at ch.qos.logback.core.joran.spi.Interpreter.endElement(Interpreter.java:179)
	at 	at ch.qos.logback.core.joran.spi.EventPlayer.play(EventPlayer.java:62)
	at 	at ch.qos.logback.core.joran.GenericConfigurator.doConfigure(GenericConfigurator.java:155)
	at 	at ch.qos.logback.core.joran.GenericConfigurator.doConfigure(GenericConfigurator.java:142)
	at 	at ch.qos.logback.core.joran.GenericConfigurator.doConfigure(GenericConfigurator.java:103)
	at 	at ch.qos.logback.core.joran.GenericConfigurator.doConfigure(GenericConfigurator.java:53)
	at 	at ch.qos.logback.classic.util.ContextInitializer.configureByResource(ContextInitializer.java:75)
	at 	at ch.qos.logback.classic.util.ContextInitializer.autoConfig(ContextInitializer.java:150)
	at 	at org.slf4j.impl.StaticLoggerBinder.init(StaticLoggerBinder.java:84)
	at 	at org.slf4j.impl.StaticLoggerBinder.<clinit>(StaticLoggerBinder.java:55)
	at 	at org.slf4j.LoggerFactory.bind(LoggerFactory.java:129)
	at 	at org.slf4j.LoggerFactory.performInitialization(LoggerFactory.java:108)
	at 	at org.slf4j.LoggerFactory.getILoggerFactory(LoggerFactory.java:302)
	at 	at org.slf4j.LoggerFactory.getLogger(LoggerFactory.java:276)
	at 	at org.apache.commons.logging.impl.SLF4JLogFactory.getInstance(SLF4JLogFactory.java:156)
	at 	at org.apache.commons.logging.impl.SLF4JLogFactory.getInstance(SLF4JLogFactory.java:132)
	at 	at org.apache.commons.logging.LogFactory.getLog(LogFactory.java:645)
	at 	at org.springframework.boot.SpringApplication.<clinit>(SpringApplication.java:189)
	at 	at com.vip.saturn.job.console.springboot.SaturnConsoleApp.main(SaturnConsoleApp.java:49)
	at 	at sun.reflect.NativeMethodAccessorImpl.invoke0(Native Method)
	at 	at sun.reflect.NativeMethodAccessorImpl.invoke(NativeMethodAccessorImpl.java:62)
	at 	at sun.reflect.DelegatingMethodAccessorImpl.invoke(DelegatingMethodAccessorImpl.java:43)
	at 	at java.lang.reflect.Method.invoke(Method.java:498)
	at 	at org.springframework.boot.loader.MainMethodRunner.run(MainMethodRunner.java:48)
	at 	at org.springframework.boot.loader.Launcher.launch(Launcher.java:87)
	at 	at org.springframework.boot.loader.Launcher.launch(Launcher.java:50)
	at 	at org.springframework.boot.loader.JarLauncher.main(JarLauncher.java:58)
00:42:35,821 |-INFO in ch.qos.logback.classic.joran.action.RootLoggerAction - Setting level of ROOT logger to INFO
00:42:35,831 |-INFO in ch.qos.logback.core.joran.action.AppenderRefAction - Attaching appender named [NORMALLOG-APPENDER] to Logger[ROOT]
00:42:35,831 |-INFO in ch.qos.logback.core.joran.action.AppenderRefAction - Attaching appender named [ERROR] to Logger[ROOT]
00:42:35,831 |-INFO in ch.qos.logback.classic.joran.action.ConfigurationAction - End of configuration.
00:42:35,832 |-INFO in ch.qos.logback.classic.joran.JoranConfigurator@79fc0f2f - Registering current configuration as safe fallback point

